Log file produced by: Storyboard Pro (StoryboardPro.exe) version 20.10.2 build 17538 2021-10-15 12:09:34
﻿2023-01-25 09:15:12;ACTION;begin accum New Sequence (CO_CommandManager.cpp,240)
﻿2023-01-25 09:15:12;ACTION;end accum (CO_CommandManager.cpp,454)
﻿2023-01-25 09:15:13;ACTION;begin accum New Sequence (CO_CommandManager.cpp,240)
﻿2023-01-25 09:15:13;ACTION;end accum (CO_CommandManager.cpp,454)
﻿2023-01-25 09:15:27;ACTION;begin accum New Sequence (CO_CommandManager.cpp,240)
﻿2023-01-25 09:15:27;ACTION;end accum (CO_CommandManager.cpp,454)
﻿2023-01-25 09:15:27;ACTION;begin accum New Sequence (CO_CommandManager.cpp,240)
﻿2023-01-25 09:15:27;ACTION;end accum (CO_CommandManager.cpp,454)
﻿2023-01-25 09:15:27;ACTION;begin accum New Sequence (CO_CommandManager.cpp,240)
﻿2023-01-25 09:15:27;ACTION;end accum (CO_CommandManager.cpp,454)
﻿2023-01-25 09:15:27;ACTION;begin accum New Sequence (CO_CommandManager.cpp,240)
﻿2023-01-25 09:15:27;ACTION;end accum (CO_CommandManager.cpp,454)
﻿2023-01-25 09:15:28;ACTION;begin accum New Sequence (CO_CommandManager.cpp,240)
﻿2023-01-25 09:15:28;ACTION;end accum (CO_CommandManager.cpp,454)
﻿2023-01-25 09:15:28;ACTION;begin accum New Sequence (CO_CommandManager.cpp,240)
﻿2023-01-25 09:15:28;ACTION;end accum (CO_CommandManager.cpp,454)
﻿2023-01-25 09:15:29;ACTION;Start unexecute depth 1 (CO_CommandManager.cpp,712)
﻿  2023-01-25 09:15:29;ACTION;Start execute New Sequence  (class CO_Command * __ptr64) (CO_CommandManager.cpp,726)
﻿  2023-01-25 09:15:29;ACTION;End execute New Sequence  (class CO_Command * __ptr64) (CO_CommandManager.cpp,726)
﻿2023-01-25 09:15:29;ACTION;End unexecute depth 1 (CO_CommandManager.cpp,712)
﻿2023-01-25 09:15:29;ACTION;Start unexecute depth 1 (CO_CommandManager.cpp,712)
﻿  2023-01-25 09:15:29;ACTION;Start execute New Sequence  (class CO_Command * __ptr64) (CO_CommandManager.cpp,726)
﻿  2023-01-25 09:15:29;ACTION;End execute New Sequence  (class CO_Command * __ptr64) (CO_CommandManager.cpp,726)
﻿2023-01-25 09:15:29;ACTION;End unexecute depth 1 (CO_CommandManager.cpp,712)
﻿2023-01-25 09:15:30;ACTION;Start unexecute depth 1 (CO_CommandManager.cpp,712)
﻿  2023-01-25 09:15:30;ACTION;Start execute New Sequence  (class CO_Command * __ptr64) (CO_CommandManager.cpp,726)
﻿  2023-01-25 09:15:30;ACTION;End execute New Sequence  (class CO_Command * __ptr64) (CO_CommandManager.cpp,726)
﻿2023-01-25 09:15:30;ACTION;End unexecute depth 1 (CO_CommandManager.cpp,712)
﻿2023-01-25 09:15:30;ACTION;Start unexecute depth 1 (CO_CommandManager.cpp,712)
﻿  2023-01-25 09:15:30;ACTION;Start execute New Sequence  (class CO_Command * __ptr64) (CO_CommandManager.cpp,726)
﻿  2023-01-25 09:15:30;ACTION;End execute New Sequence  (class CO_Command * __ptr64) (CO_CommandManager.cpp,726)
﻿2023-01-25 09:15:30;ACTION;End unexecute depth 1 (CO_CommandManager.cpp,712)
﻿2023-01-25 09:15:30;ACTION;Start unexecute depth 1 (CO_CommandManager.cpp,712)
﻿  2023-01-25 09:15:30;ACTION;Start execute New Sequence  (class CO_Command * __ptr64) (CO_CommandManager.cpp,726)
﻿  2023-01-25 09:15:30;ACTION;End execute New Sequence  (class CO_Command * __ptr64) (CO_CommandManager.cpp,726)
﻿2023-01-25 09:15:30;ACTION;End unexecute depth 1 (CO_CommandManager.cpp,712)
﻿2023-01-25 09:15:30;ACTION;Start unexecute depth 1 (CO_CommandManager.cpp,712)
﻿  2023-01-25 09:15:30;ACTION;Start execute New Sequence  (class CO_Command * __ptr64) (CO_CommandManager.cpp,726)
﻿  2023-01-25 09:15:30;ACTION;End execute New Sequence  (class CO_Command * __ptr64) (CO_CommandManager.cpp,726)
﻿2023-01-25 09:15:30;ACTION;End unexecute depth 1 (CO_CommandManager.cpp,712)
﻿2023-01-25 09:15:30;ACTION;Start unexecute depth 1 (CO_CommandManager.cpp,712)
﻿  2023-01-25 09:15:30;ACTION;Start execute New Sequence  (class CO_Command * __ptr64) (CO_CommandManager.cpp,726)
﻿  2023-01-25 09:15:30;ACTION;End execute New Sequence  (class CO_Command * __ptr64) (CO_CommandManager.cpp,726)
﻿2023-01-25 09:15:30;ACTION;End unexecute depth 1 (CO_CommandManager.cpp,712)
﻿2023-01-25 09:15:30;ACTION;Start unexecute depth 1 (CO_CommandManager.cpp,712)
﻿  2023-01-25 09:15:30;ACTION;Start execute New Sequence  (class CO_Command * __ptr64) (CO_CommandManager.cpp,726)
﻿  2023-01-25 09:15:30;ACTION;End execute New Sequence  (class CO_Command * __ptr64) (CO_CommandManager.cpp,726)
﻿2023-01-25 09:15:30;ACTION;End unexecute depth 1 (CO_CommandManager.cpp,712)
﻿2023-01-25 09:15:38;ACTION;begin accum Add Panel (CO_CommandManager.cpp,240)
﻿2023-01-25 09:15:38;ACTION;end accum (CO_CommandManager.cpp,454)
﻿2023-01-25 09:15:38;ACTION;end accum (CO_CommandManager.cpp,454)
﻿2023-01-25 09:15:39;ACTION;Start unexecute depth 1 (CO_CommandManager.cpp,712)
﻿  2023-01-25 09:15:39;ACTION;Start execute Add Panel  (class CO_Command * __ptr64) (CO_CommandManager.cpp,726)
﻿  2023-01-25 09:15:39;ACTION;End execute Add Panel  (class CO_Command * __ptr64) (CO_CommandManager.cpp,726)
﻿2023-01-25 09:15:39;ACTION;End unexecute depth 1 (CO_CommandManager.cpp,712)
﻿2023-01-25 09:15:51;ACTION;Start Paste Panel(s) (SBU_SboardUtil.cpp,4549)
﻿  2023-01-25 09:15:51;ACTION;begin accum Paste Panels (CO_CommandManager.cpp,240)
﻿  2023-01-25 09:15:51;ACTION;Start DropModels (DD_System.cpp,1642)
﻿  2023-01-25 09:15:51;ACTION;End DropModels (DD_System.cpp,1642)
﻿  2023-01-25 09:15:51;ACTION;end accum (CO_CommandManager.cpp,454)
﻿  2023-01-25 09:15:51;ACTION;end accum (CO_CommandManager.cpp,454)
﻿  2023-01-25 09:15:51;ACTION;Start DropModels (DD_System.cpp,1642)
﻿  2023-01-25 09:15:51;ACTION;End DropModels (DD_System.cpp,1642)
﻿  2023-01-25 09:15:51;ACTION;end accum (CO_CommandManager.cpp,454)
﻿  2023-01-25 09:15:51;ACTION;end accum (CO_CommandManager.cpp,454)
﻿  2023-01-25 09:15:51;ACTION;end accum (CO_CommandManager.cpp,454)
﻿  2023-01-25 09:15:51;ACTION;Start DropModels (DD_System.cpp,1642)
﻿  2023-01-25 09:15:51;ACTION;End DropModels (DD_System.cpp,1642)
﻿  2023-01-25 09:15:51;ACTION;end accum (CO_CommandManager.cpp,454)
﻿  2023-01-25 09:15:51;ACTION;Start DropModels (DD_System.cpp,1642)
﻿  2023-01-25 09:15:51;ACTION;End DropModels (DD_System.cpp,1642)
﻿  2023-01-25 09:15:51;ACTION;end accum (CO_CommandManager.cpp,454)
﻿  2023-01-25 09:15:51;ACTION;end accum (CO_CommandManager.cpp,454)
﻿  2023-01-25 09:15:51;ACTION;end accum (CO_CommandManager.cpp,454)
﻿2023-01-25 09:15:51;ACTION;End Paste Panel(s) (SBU_SboardUtil.cpp,4549)
﻿2023-01-25 09:15:52;ACTION;Start unexecute depth 1 (CO_CommandManager.cpp,712)
﻿  2023-01-25 09:15:52;ACTION;Start execute Paste Panels  (class CO_Command * __ptr64) (CO_CommandManager.cpp,726)
﻿  2023-01-25 09:15:52;ACTION;End execute Paste Panels  (class CO_Command * __ptr64) (CO_CommandManager.cpp,726)
﻿2023-01-25 09:15:52;ACTION;End unexecute depth 1 (CO_CommandManager.cpp,712)
﻿2023-01-25 09:16:15;ACTION;begin accum Create Scene (CO_CommandManager.cpp,240)
﻿2023-01-25 09:16:15;ACTION;end accum (CO_CommandManager.cpp,454)
﻿2023-01-25 09:16:19;ACTION;begin accum Create Scene (CO_CommandManager.cpp,240)
﻿2023-01-25 09:16:19;ACTION;end accum (CO_CommandManager.cpp,454)
﻿2023-01-25 09:16:19;ACTION;begin accum Create Scene (CO_CommandManager.cpp,240)
﻿2023-01-25 09:16:19;ACTION;end accum (CO_CommandManager.cpp,454)
﻿2023-01-25 09:16:19;ACTION;begin accum Create Scene (CO_CommandManager.cpp,240)
﻿2023-01-25 09:16:19;ACTION;end accum (CO_CommandManager.cpp,454)
﻿2023-01-25 09:16:20;ACTION;begin accum Create Scene (CO_CommandManager.cpp,240)
﻿2023-01-25 09:16:20;ACTION;end accum (CO_CommandManager.cpp,454)
﻿2023-01-25 09:16:20;ACTION;begin accum Create Scene (CO_CommandManager.cpp,240)
﻿2023-01-25 09:16:20;ACTION;end accum (CO_CommandManager.cpp,454)
﻿2023-01-25 09:16:20;ACTION;begin accum Create Scene (CO_CommandManager.cpp,240)
﻿2023-01-25 09:16:20;ACTION;end accum (CO_CommandManager.cpp,454)
﻿2023-01-25 09:16:20;ACTION;begin accum Create Scene (CO_CommandManager.cpp,240)
﻿2023-01-25 09:16:20;ACTION;end accum (CO_CommandManager.cpp,454)
﻿2023-01-25 09:16:20;ACTION;begin accum Create Scene (CO_CommandManager.cpp,240)
﻿2023-01-25 09:16:20;ACTION;end accum (CO_CommandManager.cpp,454)
﻿2023-01-25 09:16:20;ACTION;begin accum Create Scene (CO_CommandManager.cpp,240)
﻿2023-01-25 09:16:20;ACTION;end accum (CO_CommandManager.cpp,454)
﻿2023-01-25 09:16:21;ACTION;begin accum Create Scene (CO_CommandManager.cpp,240)
﻿2023-01-25 09:16:21;ACTION;end accum (CO_CommandManager.cpp,454)
﻿2023-01-25 09:16:21;ACTION;begin accum Create Scene (CO_CommandManager.cpp,240)
﻿2023-01-25 09:16:21;ACTION;end accum (CO_CommandManager.cpp,454)
﻿2023-01-25 09:16:21;ACTION;begin accum Create Scene (CO_CommandManager.cpp,240)
﻿2023-01-25 09:16:21;ACTION;end accum (CO_CommandManager.cpp,454)
﻿2023-01-25 09:16:21;ACTION;begin accum Create Scene (CO_CommandManager.cpp,240)
﻿2023-01-25 09:16:21;ACTION;end accum (CO_CommandManager.cpp,454)
﻿2023-01-25 09:16:21;ACTION;begin accum Create Scene (CO_CommandManager.cpp,240)
﻿2023-01-25 09:16:21;ACTION;end accum (CO_CommandManager.cpp,454)
﻿2023-01-25 09:16:21;ACTION;begin accum Create Scene (CO_CommandManager.cpp,240)
﻿2023-01-25 09:16:21;ACTION;end accum (CO_CommandManager.cpp,454)
﻿2023-01-25 09:16:21;ACTION;begin accum Create Scene (CO_CommandManager.cpp,240)
﻿2023-01-25 09:16:21;ACTION;end accum (CO_CommandManager.cpp,454)
﻿2023-01-25 09:16:22;ACTION;begin accum Create Scene (CO_CommandManager.cpp,240)
﻿2023-01-25 09:16:22;ACTION;end accum (CO_CommandManager.cpp,454)
﻿2023-01-25 09:16:22;ACTION;begin accum Create Scene (CO_CommandManager.cpp,240)
﻿2023-01-25 09:16:22;ACTION;end accum (CO_CommandManager.cpp,454)
﻿2023-01-25 09:16:34;ACTION;begin accum Edit Panel Field (CO_CommandManager.cpp,240)
﻿2023-01-25 09:16:34;ACTION;end accum (CO_CommandManager.cpp,454)
﻿2023-01-25 09:16:49;ACTION;begin accum Edit Panel Field (CO_CommandManager.cpp,240)
﻿2023-01-25 09:16:49;ACTION;end accum (CO_CommandManager.cpp,454)
﻿2023-01-25 09:16:52;ACTION;begin accum Edit Panel Field (CO_CommandManager.cpp,240)
﻿2023-01-25 09:16:52;ACTION;end accum (CO_CommandManager.cpp,454)
﻿2023-01-25 09:17:02;ACTION;begin accum Edit Panel Field (CO_CommandManager.cpp,240)
﻿2023-01-25 09:17:02;ACTION;end accum (CO_CommandManager.cpp,454)
﻿2023-01-25 09:17:16;ACTION;Start unexecute depth 1 (CO_CommandManager.cpp,712)
﻿  2023-01-25 09:17:16;ACTION;Start execute Edit Panel Field  (class CO_Command * __ptr64) (CO_CommandManager.cpp,726)
﻿  2023-01-25 09:17:16;ACTION;End execute Edit Panel Field  (class CO_Command * __ptr64) (CO_CommandManager.cpp,726)
﻿2023-01-25 09:17:16;ACTION;End unexecute depth 1 (CO_CommandManager.cpp,712)
﻿2023-01-25 09:17:16;ACTION;Start unexecute depth 1 (CO_CommandManager.cpp,712)
﻿  2023-01-25 09:17:16;ACTION;Start execute Edit Panel Field  (class CO_Command * __ptr64) (CO_CommandManager.cpp,726)
﻿  2023-01-25 09:17:16;ACTION;End execute Edit Panel Field  (class CO_Command * __ptr64) (CO_CommandManager.cpp,726)
﻿2023-01-25 09:17:16;ACTION;End unexecute depth 1 (CO_CommandManager.cpp,712)
﻿2023-01-25 09:17:17;ACTION;Start unexecute depth 1 (CO_CommandManager.cpp,712)
﻿  2023-01-25 09:17:17;ACTION;Start execute Edit Panel Field  (class CO_Command * __ptr64) (CO_CommandManager.cpp,726)
﻿  2023-01-25 09:17:17;ACTION;End execute Edit Panel Field  (class CO_Command * __ptr64) (CO_CommandManager.cpp,726)
﻿2023-01-25 09:17:17;ACTION;End unexecute depth 1 (CO_CommandManager.cpp,712)
﻿2023-01-25 09:17:17;ACTION;Start unexecute depth 1 (CO_CommandManager.cpp,712)
﻿  2023-01-25 09:17:17;ACTION;Start execute Edit Panel Field  (class CO_Command * __ptr64) (CO_CommandManager.cpp,726)
﻿  2023-01-25 09:17:17;ACTION;End execute Edit Panel Field  (class CO_Command * __ptr64) (CO_CommandManager.cpp,726)
﻿2023-01-25 09:17:17;ACTION;End unexecute depth 1 (CO_CommandManager.cpp,712)
﻿2023-01-25 09:17:17;ACTION;Start unexecute depth 1 (CO_CommandManager.cpp,712)
﻿  2023-01-25 09:17:17;ACTION;Start execute Create Scene  (class CO_Command * __ptr64) (CO_CommandManager.cpp,726)
﻿  2023-01-25 09:17:17;ACTION;End execute Create Scene  (class CO_Command * __ptr64) (CO_CommandManager.cpp,726)
﻿2023-01-25 09:17:17;ACTION;End unexecute depth 1 (CO_CommandManager.cpp,712)
﻿2023-01-25 09:17:17;ACTION;Start unexecute depth 1 (CO_CommandManager.cpp,712)
﻿  2023-01-25 09:17:17;ACTION;Start execute Create Scene  (class CO_Command * __ptr64) (CO_CommandManager.cpp,726)
﻿  2023-01-25 09:17:17;ACTION;End execute Create Scene  (class CO_Command * __ptr64) (CO_CommandManager.cpp,726)
﻿2023-01-25 09:17:17;ACTION;End unexecute depth 1 (CO_CommandManager.cpp,712)
﻿2023-01-25 09:17:17;ACTION;Start unexecute depth 1 (CO_CommandManager.cpp,712)
﻿  2023-01-25 09:17:17;ACTION;Start execute Create Scene  (class CO_Command * __ptr64) (CO_CommandManager.cpp,726)
﻿  2023-01-25 09:17:17;ACTION;End execute Create Scene  (class CO_Command * __ptr64) (CO_CommandManager.cpp,726)
﻿2023-01-25 09:17:17;ACTION;End unexecute depth 1 (CO_CommandManager.cpp,712)
﻿2023-01-25 09:17:17;ACTION;Start unexecute depth 1 (CO_CommandManager.cpp,712)
﻿  2023-01-25 09:17:17;ACTION;Start execute Create Scene  (class CO_Command * __ptr64) (CO_CommandManager.cpp,726)
﻿  2023-01-25 09:17:17;ACTION;End execute Create Scene  (class CO_Command * __ptr64) (CO_CommandManager.cpp,726)
﻿2023-01-25 09:17:17;ACTION;End unexecute depth 1 (CO_CommandManager.cpp,712)
﻿2023-01-25 09:17:18;ACTION;Start unexecute depth 1 (CO_CommandManager.cpp,712)
﻿  2023-01-25 09:17:18;ACTION;Start execute Create Scene  (class CO_Command * __ptr64) (CO_CommandManager.cpp,726)
﻿  2023-01-25 09:17:18;ACTION;End execute Create Scene  (class CO_Command * __ptr64) (CO_CommandManager.cpp,726)
﻿2023-01-25 09:17:18;ACTION;End unexecute depth 1 (CO_CommandManager.cpp,712)
﻿2023-01-25 09:17:18;ACTION;Start unexecute depth 1 (CO_CommandManager.cpp,712)
﻿  2023-01-25 09:17:18;ACTION;Start execute Create Scene  (class CO_Command * __ptr64) (CO_CommandManager.cpp,726)
﻿  2023-01-25 09:17:18;ACTION;End execute Create Scene  (class CO_Command * __ptr64) (CO_CommandManager.cpp,726)
﻿2023-01-25 09:17:18;ACTION;End unexecute depth 1 (CO_CommandManager.cpp,712)
﻿2023-01-25 09:17:18;ACTION;Start unexecute depth 1 (CO_CommandManager.cpp,712)
﻿  2023-01-25 09:17:18;ACTION;Start execute Create Scene  (class CO_Command * __ptr64) (CO_CommandManager.cpp,726)
﻿  2023-01-25 09:17:18;ACTION;End execute Create Scene  (class CO_Command * __ptr64) (CO_CommandManager.cpp,726)
﻿2023-01-25 09:17:18;ACTION;End unexecute depth 1 (CO_CommandManager.cpp,712)
﻿2023-01-25 09:17:18;ACTION;Start unexecute depth 1 (CO_CommandManager.cpp,712)
﻿  2023-01-25 09:17:18;ACTION;Start execute Create Scene  (class CO_Command * __ptr64) (CO_CommandManager.cpp,726)
﻿  2023-01-25 09:17:18;ACTION;End execute Create Scene  (class CO_Command * __ptr64) (CO_CommandManager.cpp,726)
﻿2023-01-25 09:17:18;ACTION;End unexecute depth 1 (CO_CommandManager.cpp,712)
﻿2023-01-25 09:17:18;ACTION;Start unexecute depth 1 (CO_CommandManager.cpp,712)
﻿  2023-01-25 09:17:18;ACTION;Start execute Create Scene  (class CO_Command * __ptr64) (CO_CommandManager.cpp,726)
﻿  2023-01-25 09:17:18;ACTION;End execute Create Scene  (class CO_Command * __ptr64) (CO_CommandManager.cpp,726)
﻿2023-01-25 09:17:18;ACTION;End unexecute depth 1 (CO_CommandManager.cpp,712)
﻿2023-01-25 09:17:19;ACTION;Start reexecute depth 1 (CO_CommandManager.cpp,763)
﻿2023-01-25 09:17:19;ACTION;End reexecute depth 1 (CO_CommandManager.cpp,763)
﻿2023-01-25 09:17:19;ACTION;Start reexecute depth 1 (CO_CommandManager.cpp,763)
﻿2023-01-25 09:17:19;ACTION;End reexecute depth 1 (CO_CommandManager.cpp,763)
﻿2023-01-25 09:17:20;ACTION;Start reexecute depth 1 (CO_CommandManager.cpp,763)
﻿2023-01-25 09:17:20;ACTION;End reexecute depth 1 (CO_CommandManager.cpp,763)
﻿2023-01-25 09:17:20;ACTION;Start reexecute depth 1 (CO_CommandManager.cpp,763)
﻿2023-01-25 09:17:20;ACTION;End reexecute depth 1 (CO_CommandManager.cpp,763)
﻿2023-01-25 09:17:20;ACTION;Start reexecute depth 1 (CO_CommandManager.cpp,763)
﻿2023-01-25 09:17:20;ACTION;End reexecute depth 1 (CO_CommandManager.cpp,763)
﻿2023-01-25 09:17:20;ACTION;Start reexecute depth 1 (CO_CommandManager.cpp,763)
﻿2023-01-25 09:17:20;ACTION;End reexecute depth 1 (CO_CommandManager.cpp,763)
﻿2023-01-25 09:17:20;ACTION;Start reexecute depth 1 (CO_CommandManager.cpp,763)
﻿2023-01-25 09:17:20;ACTION;End reexecute depth 1 (CO_CommandManager.cpp,763)
﻿2023-01-25 09:17:20;ACTION;Start reexecute depth 1 (CO_CommandManager.cpp,763)
﻿2023-01-25 09:17:20;ACTION;End reexecute depth 1 (CO_CommandManager.cpp,763)
﻿2023-01-25 09:17:21;ACTION;Start reexecute depth 1 (CO_CommandManager.cpp,763)
﻿2023-01-25 09:17:21;ACTION;End reexecute depth 1 (CO_CommandManager.cpp,763)
﻿2023-01-25 09:17:21;ACTION;Start reexecute depth 1 (CO_CommandManager.cpp,763)
﻿2023-01-25 09:17:21;ACTION;End reexecute depth 1 (CO_CommandManager.cpp,763)
﻿2023-01-25 09:18:30;ACTION;begin accum Edit Panel Field (CO_CommandManager.cpp,240)
﻿2023-01-25 09:18:30;ACTION;end accum (CO_CommandManager.cpp,454)
﻿2023-01-25 09:18:34;ACTION;begin accum Edit Panel Field (CO_CommandManager.cpp,240)
﻿2023-01-25 09:18:34;ACTION;end accum (CO_CommandManager.cpp,454)
﻿2023-01-25 09:18:41;ACTION;begin accum Edit Panel Field (CO_CommandManager.cpp,240)
﻿2023-01-25 09:18:41;ACTION;end accum (CO_CommandManager.cpp,454)
﻿2023-01-25 09:18:45;ACTION;Start unexecute depth 1 (CO_CommandManager.cpp,712)
﻿  2023-01-25 09:18:45;ACTION;Start execute Edit Panel Field  (class CO_Command * __ptr64) (CO_CommandManager.cpp,726)
﻿  2023-01-25 09:18:45;ACTION;End execute Edit Panel Field  (class CO_Command * __ptr64) (CO_CommandManager.cpp,726)
﻿2023-01-25 09:18:45;ACTION;End unexecute depth 1 (CO_CommandManager.cpp,712)
﻿2023-01-25 09:18:53;ACTION;begin accum Edit Panel Field (CO_CommandManager.cpp,240)
﻿2023-01-25 09:18:53;ACTION;end accum (CO_CommandManager.cpp,454)
﻿2023-01-25 09:18:56;ACTION;Start unexecute depth 1 (CO_CommandManager.cpp,712)
﻿  2023-01-25 09:18:56;ACTION;Start execute Edit Panel Field  (class CO_Command * __ptr64) (CO_CommandManager.cpp,726)
﻿  2023-01-25 09:18:56;ACTION;End execute Edit Panel Field  (class CO_Command * __ptr64) (CO_CommandManager.cpp,726)
﻿2023-01-25 09:18:56;ACTION;End unexecute depth 1 (CO_CommandManager.cpp,712)
﻿2023-01-25 09:19:11;ACTION;begin accum Edit Panel Field (CO_CommandManager.cpp,240)
﻿2023-01-25 09:19:11;ACTION;end accum (CO_CommandManager.cpp,454)
﻿2023-01-25 09:19:26;ACTION;begin accum Edit Panel Field (CO_CommandManager.cpp,240)
﻿2023-01-25 09:19:26;ACTION;end accum (CO_CommandManager.cpp,454)
﻿2023-01-25 09:19:28;ACTION;begin accum Edit Panel Field (CO_CommandManager.cpp,240)
﻿2023-01-25 09:19:28;ACTION;end accum (CO_CommandManager.cpp,454)
﻿2023-01-25 09:19:32;ACTION;begin accum Edit Panel Field (CO_CommandManager.cpp,240)
﻿2023-01-25 09:19:32;ACTION;end accum (CO_CommandManager.cpp,454)
﻿2023-01-25 09:19:41;ACTION;begin accum Edit Panel Field (CO_CommandManager.cpp,240)
﻿2023-01-25 09:19:41;ACTION;end accum (CO_CommandManager.cpp,454)
﻿2023-01-25 09:19:50;ACTION;begin accum Edit Panel Field (CO_CommandManager.cpp,240)
﻿2023-01-25 09:19:50;ACTION;end accum (CO_CommandManager.cpp,454)
﻿2023-01-25 09:19:59;ACTION;begin accum Edit Panel Field (CO_CommandManager.cpp,240)
﻿2023-01-25 09:19:59;ACTION;end accum (CO_CommandManager.cpp,454)
﻿2023-01-25 09:20:08;ACTION;begin accum Edit Panel Field (CO_CommandManager.cpp,240)
﻿2023-01-25 09:20:08;ACTION;end accum (CO_CommandManager.cpp,454)
﻿2023-01-25 09:20:15;ACTION;begin accum Edit Panel Field (CO_CommandManager.cpp,240)
﻿2023-01-25 09:20:15;ACTION;end accum (CO_CommandManager.cpp,454)
﻿2023-01-25 09:20:21;ACTION;begin accum Edit Panel Field (CO_CommandManager.cpp,240)
﻿2023-01-25 09:20:21;ACTION;end accum (CO_CommandManager.cpp,454)
﻿2023-01-25 09:20:33;ACTION;begin accum Edit Panel Field (CO_CommandManager.cpp,240)
﻿2023-01-25 09:20:33;ACTION;end accum (CO_CommandManager.cpp,454)
﻿2023-01-25 09:20:48;ACTION;begin accum Edit Panel Field (CO_CommandManager.cpp,240)
﻿2023-01-25 09:20:48;ACTION;end accum (CO_CommandManager.cpp,454)
﻿2023-01-25 09:20:55;ACTION;begin accum Edit Panel Field (CO_CommandManager.cpp,240)
﻿2023-01-25 09:20:55;ACTION;end accum (CO_CommandManager.cpp,454)
﻿2023-01-25 09:21:01;ACTION;begin accum Edit Panel Field (CO_CommandManager.cpp,240)
﻿2023-01-25 09:21:01;ACTION;end accum (CO_CommandManager.cpp,454)
﻿2023-01-25 09:21:12;ACTION;begin accum Edit Panel Field (CO_CommandManager.cpp,240)
﻿2023-01-25 09:21:12;ACTION;end accum (CO_CommandManager.cpp,454)
﻿2023-01-25 09:21:18;ACTION;begin accum Edit Panel Field (CO_CommandManager.cpp,240)
﻿2023-01-25 09:21:18;ACTION;end accum (CO_CommandManager.cpp,454)
﻿2023-01-25 09:21:23;ACTION;begin accum Edit Panel Field (CO_CommandManager.cpp,240)
﻿2023-01-25 09:21:23;ACTION;end accum (CO_CommandManager.cpp,454)
﻿2023-01-25 09:21:32;ACTION;begin accum Edit Panel Field (CO_CommandManager.cpp,240)
﻿2023-01-25 09:21:32;ACTION;end accum (CO_CommandManager.cpp,454)
﻿2023-01-25 09:21:38;ACTION;begin accum Edit Panel Field (CO_CommandManager.cpp,240)
﻿2023-01-25 09:21:38;ACTION;end accum (CO_CommandManager.cpp,454)
﻿2023-01-25 09:21:50;ACTION;begin accum Edit Panel Field (CO_CommandManager.cpp,240)
﻿2023-01-25 09:21:50;ACTION;end accum (CO_CommandManager.cpp,454)
﻿2023-01-25 09:21:57;ACTION;begin accum Edit Panel Field (CO_CommandManager.cpp,240)
﻿2023-01-25 09:21:57;ACTION;end accum (CO_CommandManager.cpp,454)
﻿2023-01-25 09:22:03;ACTION;begin accum Edit Panel Field (CO_CommandManager.cpp,240)
﻿2023-01-25 09:22:03;ACTION;end accum (CO_CommandManager.cpp,454)
﻿2023-01-25 09:22:20;ACTION;begin accum Add Panel (CO_CommandManager.cpp,240)
﻿2023-01-25 09:22:20;ACTION;end accum (CO_CommandManager.cpp,454)
﻿2023-01-25 09:22:20;ACTION;end accum (CO_CommandManager.cpp,454)
﻿2023-01-25 09:22:28;ACTION;begin accum Edit Panel Field (CO_CommandManager.cpp,240)
﻿2023-01-25 09:22:28;ACTION;end accum (CO_CommandManager.cpp,454)
﻿2023-01-25 09:22:45;ACTION;begin accum Add Panel (CO_CommandManager.cpp,240)
﻿2023-01-25 09:22:45;ACTION;end accum (CO_CommandManager.cpp,454)
﻿2023-01-25 09:22:45;ACTION;end accum (CO_CommandManager.cpp,454)
﻿2023-01-25 09:22:47;ACTION;begin accum Edit Panel Field (CO_CommandManager.cpp,240)
﻿2023-01-25 09:22:47;ACTION;end accum (CO_CommandManager.cpp,454)
﻿2023-01-25 09:22:58;ACTION;begin accum Edit Panel Field (CO_CommandManager.cpp,240)
﻿2023-01-25 09:22:58;ACTION;end accum (CO_CommandManager.cpp,454)
﻿2023-01-25 09:22:59;ACTION;begin accum Edit Panel Field (CO_CommandManager.cpp,240)
﻿2023-01-25 09:22:59;ACTION;end accum (CO_CommandManager.cpp,454)
﻿2023-01-25 09:23:25;ACTION;Start Saving project
﻿  2023-01-25 09:23:25;ACTION;Start isSaveProjectPossible (SC_SaveUtil.cpp,225)
﻿    2023-01-25 09:23:25;Create;K:/GhostCat/ProjectFiles/StoryboardPro/gc.sb.mst.0125.v01/gc.sb.mst.0125.v01.sboard+; OK 
﻿    2023-01-25 09:23:25;Delete;K:/GhostCat/ProjectFiles/StoryboardPro/gc.sb.mst.0125.v01/gc.sb.mst.0125.v01.sboard+; OK 
﻿  2023-01-25 09:23:25;ACTION;End isSaveProjectPossible (SC_SaveUtil.cpp,225)
﻿  2023-01-25 09:23:25;ACTION;Start isSaveProjectPossible (SC_SaveUtil.cpp,225)
﻿    2023-01-25 09:23:25;Create;K:/GhostCat/ProjectFiles/StoryboardPro/gc.sb.mst.0125.v01/gc.sb.mst.0125.v01.sboard+; OK 
﻿    2023-01-25 09:23:25;Delete;K:/GhostCat/ProjectFiles/StoryboardPro/gc.sb.mst.0125.v01/gc.sb.mst.0125.v01.sboard+; OK 
﻿  2023-01-25 09:23:25;ACTION;End isSaveProjectPossible (SC_SaveUtil.cpp,225)
﻿  2023-01-25 09:23:25;ACTION;Start TUElementMgr::writeToVersionAuxFile (tuelementmgr.cpp,1978)
﻿    2023-01-25 09:23:25;Create;K:/GhostCat/ProjectFiles/StoryboardPro/gc.sb.mst.0125.v01/elements; OK 
﻿    2023-01-25 09:23:25;ACTION;TUElementMgr::writeToVersionAuxFile - element: 1-Draw, operation: 1
﻿    2023-01-25 09:23:25;Copy;C:/Users/joshs/AppData/Local/Temp/ToonBoomSessionTempDir/25928/elements/1.e;K:/GhostCat/ProjectFiles/StoryboardPro/gc.sb.mst.0125.v01/elements/Draw OK 
﻿    2023-01-25 09:23:25;Create;K:/GhostCat/ProjectFiles/StoryboardPro/gc.sb.mst.0125.v01/scene.elementTable; OK 
﻿  2023-01-25 09:23:25;ACTION;End TUElementMgr::writeToVersionAuxFile (tuelementmgr.cpp,1978)
﻿  2023-01-25 09:23:25;ACTION;Start saveDrawings - delete drawings (tudrawinglist.cpp,692)
﻿  2023-01-25 09:23:25;ACTION;End saveDrawings - delete drawings (tudrawinglist.cpp,692)
﻿  2023-01-25 09:23:25;ACTION;Start saveDrawings - rename to temp name (tudrawinglist.cpp,726)
﻿  2023-01-25 09:23:25;ACTION;End saveDrawings - rename to temp name (tudrawinglist.cpp,726)
﻿  2023-01-25 09:23:25;ACTION;Start saveDrawings - rename to final name (tudrawinglist.cpp,754)
﻿  2023-01-25 09:23:25;ACTION;End saveDrawings - rename to final name (tudrawinglist.cpp,754)
﻿  2023-01-25 09:23:25;ACTION;Start saveDrawings - copy all drawings from temp to project (tudrawinglist.cpp,792)
﻿  2023-01-25 09:23:25;ACTION;End saveDrawings - copy all drawings from temp to project (tudrawinglist.cpp,792)
﻿  2023-01-25 09:23:25;ACTION;Start saveDrawings - save all modified drawings in memory (tudrawinglist.cpp,850)
﻿  2023-01-25 09:23:25;ACTION;End saveDrawings - save all modified drawings in memory (tudrawinglist.cpp,850)
﻿  2023-01-25 09:23:25;ACTION;Start saveProject (SC_SaveUtil.cpp,380)
﻿    2023-01-25 09:23:25;Create;K:/GhostCat/ProjectFiles/StoryboardPro/gc.sb.mst.0125.v01/gc.sb.mst.0125.v01.sboard+; OK 
﻿    2023-01-25 09:23:25;Rename;K:/GhostCat/ProjectFiles/StoryboardPro/gc.sb.mst.0125.v01/gc.sb.mst.0125.v01.sboard+;K:/GhostCat/ProjectFiles/StoryboardPro/gc.sb.mst.0125.v01/gc.sb.mst.0125.v01.sboard OK 
﻿    2023-01-25 09:23:25;ACTION;Start writeToVersionAuxFile (tuelementmgr.cpp,2434)
﻿      2023-01-25 09:23:25;ACTION;Start writeToVersionAuxFile (EM_XMLFileIO.cpp,307)
﻿        2023-01-25 09:23:25;Rename;K:/GhostCat/ProjectFiles/StoryboardPro/gc.sb.mst.0125.v01/gc.sb.mst.0125.v01.aux+;K:/GhostCat/ProjectFiles/StoryboardPro/gc.sb.mst.0125.v01/gc.sb.mst.0125.v01.aux OK 
﻿      2023-01-25 09:23:25;ACTION;End writeToVersionAuxFile (EM_XMLFileIO.cpp,307)
﻿    2023-01-25 09:23:25;ACTION;End writeToVersionAuxFile (tuelementmgr.cpp,2434)
﻿  2023-01-25 09:23:25;ACTION;End saveProject (SC_SaveUtil.cpp,380)
﻿  2023-01-25 09:23:25;ACTION;Start writeToDrawingVersionAuxFile (EM_XMLFileIO.cpp,454)
﻿  2023-01-25 09:23:25;ACTION;End writeToDrawingVersionAuxFile (EM_XMLFileIO.cpp,454)
﻿  2023-01-25 09:23:25;Create;K:/GhostCat/ProjectFiles/StoryboardPro/gc.sb.mst.0125.v01/PALETTE_LIST+; OK 
﻿  2023-01-25 09:23:25;Rename;K:/GhostCat/ProjectFiles/StoryboardPro/gc.sb.mst.0125.v01/PALETTE_LIST+;PALETTE_LIST OK 
﻿  2023-01-25 09:23:25;Create;K:/GhostCat/ProjectFiles/StoryboardPro/gc.sb.mst.0125.v01/gc.sb.mst.0125.v01.sboard.thumbnails; OK 
﻿  2023-01-25 09:23:25;Delete;C:/Users/joshs/AppData/Roaming/Toon Boom Animation/Toon Boom Storyboard Pro/full-20100-pref/Storyboard Pro-pref.xml~; OK 
﻿  2023-01-25 09:23:25;Rename;C:/Users/joshs/AppData/Roaming/Toon Boom Animation/Toon Boom Storyboard Pro/full-20100-pref/Storyboard Pro-pref.xml;Storyboard Pro-pref.xml~ OK 
﻿  2023-01-25 09:23:25;Rename;C:/Users/joshs/AppData/Roaming/Toon Boom Animation/Toon Boom Storyboard Pro/full-20100-pref/Storyboard Pro-pref.xml+;Storyboard Pro-pref.xml OK 
﻿2023-01-25 09:23:25;ACTION;End Saving project
